# JRE version: Java(TM) SE Runtime Environment (8.0_144-b01) (build 1.8.0_144-b01)
# Java VM: Java HotSpot(TM) 64-Bit Server VM (25.144-b01 mixed mode windows-amd64 compressed oops)
Heap:
 PSYoungGen      total 198144K, used 20476K [0x00000000eb300000, 0x00000000fd200000, 0x0000000100000000)
  eden space 186880K, 4% used [0x00000000eb300000,0x00000000ebc04ec0,0x00000000f6980000)
  from space 11264K, 99% used [0x00000000f6980000,0x00000000f747a508,0x00000000f7480000)
  to   space 16384K, 0% used [0x00000000fc200000,0x00000000fc200000,0x00000000fd200000)
 ParOldGen       total 46080K, used 25850K [0x00000000c1800000, 0x00000000c4500000, 0x00000000eb300000)
  object space 46080K, 56% used [0x00000000c1800000,0x00000000c313eb18,0x00000000c4500000)
 Metaspace       used 53863K, capacity 55765K, committed 56060K, reserved 1097728K
  class space    used 7229K, capacity 7583K, committed 7676K, reserved 1048576K
GC Heap History (10 events):
Event: 2.423 GC heap before
{Heap before GC invocations=9 (full 1):
 PSYoungGen      total 135680K, used 2469K [0x00000000eb300000, 0x00000000f3e00000, 0x0000000100000000)
  eden space 129024K, 0% used [0x00000000eb300000,0x00000000eb300000,0x00000000f3100000)
  from space 6656K, 37% used [0x00000000f3780000,0x00000000f39e97e8,0x00000000f3e00000)
  to   space 6656K, 0% used [0x00000000f3100000,0x00000000f3100000,0x00000000f3780000)
 ParOldGen       total 44032K, used 7409K [0x00000000c1800000, 0x00000000c4300000, 0x00000000eb300000)
  object space 44032K, 16% used [0x00000000c1800000,0x00000000c1f3c560,0x00000000c4300000)
 Metaspace       used 20892K, capacity 21421K, committed 21628K, reserved 1069056K
  class space    used 2664K, capacity 2825K, committed 2940K, reserved 1048576K
Event: 2.459 GC heap after
Heap after GC invocations=9 (full 1):
 PSYoungGen      total 135680K, used 0K [0x00000000eb300000, 0x00000000f3e00000, 0x0000000100000000)
  eden space 129024K, 0% used [0x00000000eb300000,0x00000000eb300000,0x00000000f3100000)
  from space 6656K, 0% used [0x00000000f3780000,0x00000000f3780000,0x00000000f3e00000)
  to   space 6656K, 0% used [0x00000000f3100000,0x00000000f3100000,0x00000000f3780000)
 ParOldGen       total 27136K, used 5136K [0x00000000c1800000, 0x00000000c3280000, 0x00000000eb300000)
  object space 27136K, 18% used [0x00000000c1800000,0x00000000c1d042f8,0x00000000c3280000)
 Metaspace       used 20892K, capacity 21421K, committed 21628K, reserved 1069056K
  class space    used 2664K, capacity 2825K, committed 2940K, reserved 1048576K
}
Event: 4.039 GC heap before
{Heap before GC invocations=10 (full 1):
 PSYoungGen      total 135680K, used 129024K [0x00000000eb300000, 0x00000000f3e00000, 0x0000000100000000)
  eden space 129024K, 100% used [0x00000000eb300000,0x00000000f3100000,0x00000000f3100000)
  from space 6656K, 0% used [0x00000000f3780000,0x00000000f3780000,0x00000000f3e00000)
  to   space 6656K, 0% used [0x00000000f3100000,0x00000000f3100000,0x00000000f3780000)
 ParOldGen       total 27136K, used 5136K [0x00000000c1800000, 0x00000000c3280000, 0x00000000eb300000)
  object space 27136K, 18% used [0x00000000c1800000,0x00000000c1d042f8,0x00000000c3280000)
 Metaspace       used 28095K, capacity 29075K, committed 29180K, reserved 1075200K
  class space    used 3587K, capacity 3808K, committed 3836K, reserved 1048576K
Event: 4.057 GC heap after
Heap after GC invocations=10 (full 1):
 PSYoungGen      total 135680K, used 6645K [0x00000000eb300000, 0x00000000f7d00000, 0x0000000100000000)
  eden space 129024K, 0% used [0x00000000eb300000,0x00000000eb300000,0x00000000f3100000)
  from space 6656K, 99% used [0x00000000f3100000,0x00000000f377d4f8,0x00000000f3780000)
  to   space 8704K, 0% used [0x00000000f7480000,0x00000000f7480000,0x00000000f7d00000)
 ParOldGen       total 27136K, used 7876K [0x00000000c1800000, 0x00000000c3280000, 0x00000000eb300000)
  object space 27136K, 29% used [0x00000000c1800000,0x00000000c1fb11b0,0x00000000c3280000)
 Metaspace       used 28095K, capacity 29075K, committed 29180K, reserved 1075200K
  class space    used 3587K, capacity 3808K, committed 3836K, reserved 1048576K
}
Event: 5.418 GC heap before
{Heap before GC invocations=11 (full 1):
 PSYoungGen      total 135680K, used 123498K [0x00000000eb300000, 0x00000000f7d00000, 0x0000000100000000)
  eden space 129024K, 90% used [0x00000000eb300000,0x00000000f251d480,0x00000000f3100000)
  from space 6656K, 99% used [0x00000000f3100000,0x00000000f377d4f8,0x00000000f3780000)
  to   space 8704K, 0% used [0x00000000f7480000,0x00000000f7480000,0x00000000f7d00000)
 ParOldGen       total 27136K, used 7876K [0x00000000c1800000, 0x00000000c3280000, 0x00000000eb300000)
  object space 27136K, 29% used [0x00000000c1800000,0x00000000c1fb11b0,0x00000000c3280000)
 Metaspace       used 34390K, capacity 35915K, committed 36048K, reserved 1081344K
  class space    used 4361K, capacity 4648K, committed 4732K, reserved 1048576K
Event: 5.438 GC heap after
Heap after GC invocations=11 (full 1):
 PSYoungGen      total 195584K, used 8673K [0x00000000eb300000, 0x00000000f7f80000, 0x0000000100000000)
  eden space 186880K, 0% used [0x00000000eb300000,0x00000000eb300000,0x00000000f6980000)
  from space 8704K, 99% used [0x00000000f7480000,0x00000000f7cf8678,0x00000000f7d00000)
  to   space 11264K, 0% used [0x00000000f6980000,0x00000000f6980000,0x00000000f7480000)
 ParOldGen       total 27136K, used 11651K [0x00000000c1800000, 0x00000000c3280000, 0x00000000eb300000)
  object space 27136K, 42% used [0x00000000c1800000,0x00000000c2360eb0,0x00000000c3280000)
 Metaspace       used 34390K, capacity 35915K, committed 36048K, reserved 1081344K
  class space    used 4361K, capacity 4648K, committed 4732K, reserved 1048576K
}
Event: 5.438 GC heap before
{Heap before GC invocations=12 (full 2):
 PSYoungGen      total 195584K, used 8673K [0x00000000eb300000, 0x00000000f7f80000, 0x0000000100000000)
  eden space 186880K, 0% used [0x00000000eb300000,0x00000000eb300000,0x00000000f6980000)
  from space 8704K, 99% used [0x00000000f7480000,0x00000000f7cf8678,0x00000000f7d00000)
  to   space 11264K, 0% used [0x00000000f6980000,0x00000000f6980000,0x00000000f7480000)
 ParOldGen       total 27136K, used 11651K [0x00000000c1800000, 0x00000000c3280000, 0x00000000eb300000)
  object space 27136K, 42% used [0x00000000c1800000,0x00000000c2360eb0,0x00000000c3280000)
 Metaspace       used 34390K, capacity 35915K, committed 36048K, reserved 1081344K
  class space    used 4361K, capacity 4648K, committed 4732K, reserved 1048576K
Event: 5.506 GC heap after
Heap after GC invocations=12 (full 2):
 PSYoungGen      total 195584K, used 0K [0x00000000eb300000, 0x00000000f7f80000, 0x0000000100000000)
  eden space 186880K, 0% used [0x00000000eb300000,0x00000000eb300000,0x00000000f6980000)
  from space 8704K, 0% used [0x00000000f7480000,0x00000000f7480000,0x00000000f7d00000)
  to   space 11264K, 0% used [0x00000000f6980000,0x00000000f6980000,0x00000000f7480000)
 ParOldGen       total 46080K, used 16528K [0x00000000c1800000, 0x00000000c4500000, 0x00000000eb300000)
  object space 46080K, 35% used [0x00000000c1800000,0x00000000c2824140,0x00000000c4500000)
 Metaspace       used 34390K, capacity 35915K, committed 36048K, reserved 1081344K
  class space    used 4361K, capacity 4648K, committed 4732K, reserved 1048576K
}
Event: 7.716 GC heap before
{Heap before GC invocations=13 (full 2):
 PSYoungGen      total 195584K, used 186880K [0x00000000eb300000, 0x00000000f7f80000, 0x0000000100000000)
  eden space 186880K, 100% used [0x00000000eb300000,0x00000000f6980000,0x00000000f6980000)
  from space 8704K, 0% used [0x00000000f7480000,0x00000000f7480000,0x00000000f7d00000)
  to   space 11264K, 0% used [0x00000000f6980000,0x00000000f6980000,0x00000000f7480000)
 ParOldGen       total 46080K, used 16528K [0x00000000c1800000, 0x00000000c4500000, 0x00000000eb300000)
  object space 46080K, 35% used [0x00000000c1800000,0x00000000c2824140,0x00000000c4500000)
 Metaspace       used 52675K, capacity 54503K, committed 54908K, reserved 1097728K
  class space    used 7083K, capacity 7430K, committed 7548K, reserved 1048576K
Event: 7.760 GC heap after
Heap after GC invocations=13 (full 2):
 PSYoungGen      total 198144K, used 11241K [0x00000000eb300000, 0x00000000fd200000, 0x0000000100000000)
  eden space 186880K, 0% used [0x00000000eb300000,0x00000000eb300000,0x00000000f6980000)
  from space 11264K, 99% used [0x00000000f6980000,0x00000000f747a508,0x00000000f7480000)
  to   space 16384K, 0% used [0x00000000fc200000,0x00000000fc200000,0x00000000fd200000)
 ParOldGen       total 46080K, used 25850K [0x00000000c1800000, 0x00000000c4500000, 0x00000000eb300000)
  object space 46080K, 56% used [0x00000000c1800000,0x00000000c313eb18,0x00000000c4500000)
 Metaspace       used 52675K, capacity 54503K, committed 54908K, reserved 1097728K
  class space    used 7083K, capacity 7430K, committed 7548K, reserved 1048576K
}

